<?xml version="1.0" encoding="UTF-8"?>
<testsuite name="org.hmp.RunnerCukesTest" time="0.735" tests="24" errors="0" skipped="0" failures="0">
  <properties>
    <property name="java.runtime.name" value="Java(TM) SE Runtime Environment"/>
    <property name="sun.boot.library.path" value="/usr/local/java/jdk1.8.0_111/jre/lib/amd64"/>
    <property name="java.vm.version" value="25.111-b14"/>
    <property name="java.vm.vendor" value="Oracle Corporation"/>
    <property name="maven.multiModuleProjectDirectory" value="/home/inet-tech/Desktop/cap_hmrc_repo/HotelManagementPlatformTest"/>
    <property name="java.vendor.url" value="http://java.oracle.com/"/>
    <property name="path.separator" value=":"/>
    <property name="guice.disable.misplaced.annotation.check" value="true"/>
    <property name="java.vm.name" value="Java HotSpot(TM) 64-Bit Server VM"/>
    <property name="file.encoding.pkg" value="sun.io"/>
    <property name="user.country" value="GB"/>
    <property name="sun.java.launcher" value="SUN_STANDARD"/>
    <property name="sun.os.patch.level" value="unknown"/>
    <property name="java.vm.specification.name" value="Java Virtual Machine Specification"/>
    <property name="user.dir" value="/home/inet-tech/Desktop/cap_hmrc_repo/HotelManagementPlatformTest"/>
    <property name="java.runtime.version" value="1.8.0_111-b14"/>
    <property name="java.awt.graphicsenv" value="sun.awt.X11GraphicsEnvironment"/>
    <property name="java.endorsed.dirs" value="/usr/local/java/jdk1.8.0_111/jre/lib/endorsed"/>
    <property name="os.arch" value="amd64"/>
    <property name="java.io.tmpdir" value="/tmp"/>
    <property name="line.separator" value="&#10;"/>
    <property name="java.vm.specification.vendor" value="Oracle Corporation"/>
    <property name="os.name" value="Linux"/>
    <property name="classworlds.conf" value="/usr/share/maven/bin/m2.conf"/>
    <property name="sun.jnu.encoding" value="UTF-8"/>
    <property name="java.library.path" value="/usr/java/packages/lib/amd64:/usr/lib64:/lib64:/lib:/usr/lib"/>
    <property name="java.specification.name" value="Java Platform API Specification"/>
    <property name="java.class.version" value="52.0"/>
    <property name="sun.management.compiler" value="HotSpot 64-Bit Tiered Compilers"/>
    <property name="os.version" value="4.4.0-103-generic"/>
    <property name="user.home" value="/home/inet-tech"/>
    <property name="user.timezone" value="Europe/London"/>
    <property name="java.awt.printerjob" value="sun.print.PSPrinterJob"/>
    <property name="file.encoding" value="UTF-8"/>
    <property name="java.specification.version" value="1.8"/>
    <property name="user.name" value="inet-tech"/>
    <property name="java.class.path" value="/usr/share/maven/boot/plexus-classworlds-2.x.jar"/>
    <property name="java.vm.specification.version" value="1.8"/>
    <property name="sun.arch.data.model" value="64"/>
    <property name="java.home" value="/usr/local/java/jdk1.8.0_111/jre"/>
    <property name="sun.java.command" value="org.codehaus.plexus.classworlds.launcher.Launcher test"/>
    <property name="java.specification.vendor" value="Oracle Corporation"/>
    <property name="user.language" value="en"/>
    <property name="awt.toolkit" value="sun.awt.X11.XToolkit"/>
    <property name="java.vm.info" value="mixed mode"/>
    <property name="java.version" value="1.8.0_111"/>
    <property name="java.ext.dirs" value="/usr/local/java/jdk1.8.0_111/jre/lib/ext:/usr/java/packages/lib/ext"/>
    <property name="securerandom.source" value="file:/dev/./urandom"/>
    <property name="sun.boot.class.path" value="/usr/local/java/jdk1.8.0_111/jre/lib/resources.jar:/usr/local/java/jdk1.8.0_111/jre/lib/rt.jar:/usr/local/java/jdk1.8.0_111/jre/lib/sunrsasign.jar:/usr/local/java/jdk1.8.0_111/jre/lib/jsse.jar:/usr/local/java/jdk1.8.0_111/jre/lib/jce.jar:/usr/local/java/jdk1.8.0_111/jre/lib/charsets.jar:/usr/local/java/jdk1.8.0_111/jre/lib/jfr.jar:/usr/local/java/jdk1.8.0_111/jre/classes"/>
    <property name="java.vendor" value="Oracle Corporation"/>
    <property name="maven.home" value="/usr/share/maven"/>
    <property name="file.separator" value="/"/>
    <property name="java.vendor.url.bug" value="http://bugreport.sun.com/bugreport/"/>
    <property name="sun.cpu.endian" value="little"/>
    <property name="sun.io.unicode.encoding" value="UnicodeLittle"/>
    <property name="sun.desktop" value="gnome"/>
    <property name="sun.cpu.isalist" value=""/>
  </properties>
  <testcase name="Given I have successfully signed in with &quot;admin&quot; and &quot;password&quot;" classname="| admin | password | HMRC Hotel | 1, New Castle road | Tunde | 0756438992 | tunde@email.com | Tunde |" time="0.008"/>
  <testcase name="When I enter the following customer details: &quot;HMRC Hotel&quot;, &quot;1, New Castle road&quot;, &quot;Tunde&quot;, &quot;0756438992&quot;, &quot;tunde@email.com&quot; and click on create button" classname="| admin | password | HMRC Hotel | 1, New Castle road | Tunde | 0756438992 | tunde@email.com | Tunde |" time="0.003"/>
  <testcase name="Then I should see a record containing the name of the owner &quot;Tunde&quot;" classname="| admin | password | HMRC Hotel | 1, New Castle road | Tunde | 0756438992 | tunde@email.com | Tunde |" time="0.001"/>
  <testcase name="| admin | password | HMRC Hotel | 1, New Castle road | Tunde | 0756438992 | tunde@email.com | Tunde |" classname="| admin | password | HMRC Hotel | 1, New Castle road | Tunde | 0756438992 | tunde@email.com | Tunde |" time="0.133"/>
  <testcase name="Given I have successfully signed in with &quot;admin&quot; and &quot;password&quot;" classname="| admin | password | HMRC 3 Star Hotel | 1, Newcastle road | James | 080038992 | james@email.com | James |" time="0.001"/>
  <testcase name="When I enter the following customer details: &quot;HMRC 3 Star Hotel&quot;, &quot;1, Newcastle road&quot;, &quot;James&quot;, &quot;080038992&quot;, &quot;james@email.com&quot; and click on create button" classname="| admin | password | HMRC 3 Star Hotel | 1, Newcastle road | James | 080038992 | james@email.com | James |" time="0.002"/>
  <testcase name="Then I should see a record containing the name of the owner &quot;James&quot;" classname="| admin | password | HMRC 3 Star Hotel | 1, Newcastle road | James | 080038992 | james@email.com | James |" time="0"/>
  <testcase name="| admin | password | HMRC 3 Star Hotel | 1, Newcastle road | James | 080038992 | james@email.com | James |" classname="| admin | password | HMRC 3 Star Hotel | 1, Newcastle road | James | 080038992 | james@email.com | James |" time="0.128"/>
  <testcase name="Given I have successfully signed in with &quot;admin&quot; and &quot;password&quot;" classname="| admin | password | HMRC 5 Star Hotel | 2, Newcastle road | Lewis | 080038992 | lewis@email.com | Lewis |" time="0.002"/>
  <testcase name="When I enter the following customer details: &quot;HMRC 5 Star Hotel&quot;, &quot;2, Newcastle road&quot;, &quot;Lewis&quot;, &quot;080038992&quot;, &quot;lewis@email.com&quot; and click on create button" classname="| admin | password | HMRC 5 Star Hotel | 2, Newcastle road | Lewis | 080038992 | lewis@email.com | Lewis |" time="0"/>
  <testcase name="Then I should see a record containing the name of the owner &quot;Lewis&quot;" classname="| admin | password | HMRC 5 Star Hotel | 2, Newcastle road | Lewis | 080038992 | lewis@email.com | Lewis |" time="0.003"/>
  <testcase name="| admin | password | HMRC 5 Star Hotel | 2, Newcastle road | Lewis | 080038992 | lewis@email.com | Lewis |" classname="| admin | password | HMRC 5 Star Hotel | 2, Newcastle road | Lewis | 080038992 | lewis@email.com | Lewis |" time="0.129"/>
  <testcase name="Given I have successfully signed in with &quot;admin&quot; and &quot;password&quot;" classname="| admin | password | HMRC 7 Star Hotel | 3, Newcastle road | Comfort | 080038992 | comfort@email.com | Comfort |" time="0"/>
  <testcase name="When I enter the following customer details: &quot;HMRC 7 Star Hotel&quot;, &quot;3, Newcastle road&quot;, &quot;Comfort&quot;, &quot;080038992&quot;, &quot;comfort@email.com&quot; and click on create button" classname="| admin | password | HMRC 7 Star Hotel | 3, Newcastle road | Comfort | 080038992 | comfort@email.com | Comfort |" time="0"/>
  <testcase name="Then I should see a record containing the name of the owner &quot;Comfort&quot;" classname="| admin | password | HMRC 7 Star Hotel | 3, Newcastle road | Comfort | 080038992 | comfort@email.com | Comfort |" time="0.001"/>
  <testcase name="| admin | password | HMRC 7 Star Hotel | 3, Newcastle road | Comfort | 080038992 | comfort@email.com | Comfort |" classname="| admin | password | HMRC 7 Star Hotel | 3, Newcastle road | Comfort | 080038992 | comfort@email.com | Comfort |" time="0.123"/>
  <testcase name="Given I have successfully signed in with &quot;admin&quot; and &quot;password&quot;" classname="| admin | password | HMRC 10 Star Hotel | 4, Newcastle road | Nicole | 080038992 | nicole@email.com | Nicole |" time="0.001"/>
  <testcase name="When I enter the following customer details: &quot;HMRC 10 Star Hotel&quot;, &quot;4, Newcastle road&quot;, &quot;Nicole&quot;, &quot;080038992&quot;, &quot;nicole@email.com&quot; and click on create button" classname="| admin | password | HMRC 10 Star Hotel | 4, Newcastle road | Nicole | 080038992 | nicole@email.com | Nicole |" time="0.001"/>
  <testcase name="Then I should see a record containing the name of the owner &quot;Nicole&quot;" classname="| admin | password | HMRC 10 Star Hotel | 4, Newcastle road | Nicole | 080038992 | nicole@email.com | Nicole |" time="0"/>
  <testcase name="| admin | password | HMRC 10 Star Hotel | 4, Newcastle road | Nicole | 080038992 | nicole@email.com | Nicole |" classname="| admin | password | HMRC 10 Star Hotel | 4, Newcastle road | Nicole | 080038992 | nicole@email.com | Nicole |" time="0.126"/>
  <testcase name="Given I am on the Home page of the Hotel application" classname="Scenario: Test for login functionality" time="0"/>
  <testcase name="When I supply username &quot;admin&quot; and password &quot;password&quot;" classname="Scenario: Test for login functionality" time="0"/>
  <testcase name="Then I should see a Logout &quot;logout&quot;" classname="Scenario: Test for login functionality" time="0"/>
  <testcase name="Scenario: Test for login functionality" classname="Scenario: Test for login functionality" time="0.073"/>
</testsuite>